<?xml version="1.0" encoding="UTF-8"?>
<!-- Generated by org.testng.reporters.JUnitReportReporter -->
<testsuite name="cn.group4.tests.Product_ReqTest" tests="2" time="26.551" ignored="0" failures="0" timestamp="25 三月 2017 10:07:21 GMT" skipped="0" hostname="DESKTOP-KACP9UV" errors="0">
  <testcase name="addrequirement04" time="15.506" classname="cn.group4.tests.Product_ReqTest"/>
  <testcase name="addrequirement03" time="11.045" classname="cn.group4.tests.Product_ReqTest"/>
</testsuite> <!-- cn.group4.tests.Product_ReqTest -->
